<?xml version="1.0" encoding="UTF-8"?>
<testng-results ignored="0" total="3" passed="3" failed="0" skipped="0">
  <reporter-output>
  </reporter-output>
  <suite started-at="2025-05-13T17:38:35 IST" name="AutomationAnywhereTestSuite" finished-at="2025-05-13T17:39:08 IST" duration-ms="33204">
    <groups>
    </groups>
    <test started-at="2025-05-13T17:38:35 IST" name="NavigationTests" finished-at="2025-05-13T17:39:08 IST" duration-ms="33204">
      <class name="com.automationanywhere.tests.TestAutomationAnywhereTestNG">
        <test-method is-config="true" signature="setup()[pri:0, instance:com.automationanywhere.tests.TestAutomationAnywhereTestNG@2631f68c]" started-at="2025-05-13T17:38:35 IST" name="setup" finished-at="2025-05-13T17:38:39 IST" duration-ms="4274" status="PASS">
          <reporter-output>
          </reporter-output>
        </test-method> <!-- setup -->
        <test-method signature="testLogoPresence()[pri:1, instance:com.automationanywhere.tests.TestAutomationAnywhereTestNG@2631f68c]" started-at="2025-05-13T17:38:39 IST" name="testLogoPresence" finished-at="2025-05-13T17:38:46 IST" duration-ms="6699" status="PASS">
          <reporter-output>
          </reporter-output>
        </test-method> <!-- testLogoPresence -->
        <test-method signature="testRequestDemoButton()[pri:2, instance:com.automationanywhere.tests.TestAutomationAnywhereTestNG@2631f68c]" started-at="2025-05-13T17:38:46 IST" name="testRequestDemoButton" finished-at="2025-05-13T17:38:46 IST" duration-ms="64" status="PASS">
          <reporter-output>
          </reporter-output>
        </test-method> <!-- testRequestDemoButton -->
        <test-method signature="testHeaderLinks()[pri:3, instance:com.automationanywhere.tests.TestAutomationAnywhereTestNG@2631f68c]" started-at="2025-05-13T17:38:46 IST" name="testHeaderLinks" finished-at="2025-05-13T17:39:07 IST" duration-ms="21396" status="PASS">
          <reporter-output>
          </reporter-output>
        </test-method> <!-- testHeaderLinks -->
        <test-method is-config="true" signature="teardown()[pri:0, instance:com.automationanywhere.tests.TestAutomationAnywhereTestNG@2631f68c]" started-at="2025-05-13T17:39:07 IST" name="teardown" finished-at="2025-05-13T17:39:08 IST" duration-ms="747" status="PASS">
          <reporter-output>
          </reporter-output>
        </test-method> <!-- teardown -->
      </class> <!-- com.automationanywhere.tests.TestAutomationAnywhereTestNG -->
    </test> <!-- NavigationTests -->
  </suite> <!-- AutomationAnywhereTestSuite -->
</testng-results>
