<?xml version="1.0" encoding="UTF-8"?>
<!-- Generated by org.testng.reporters.JUnitReportReporter -->
<testsuite hostname="Sahasra-PC" failures="0" tests="3" name="com.automationanywhere.tests.TestAutomationAnywhereTestNG" time="28.159" errors="0" timestamp="2025-05-13T17:39:08 IST" skipped="0">
  <testcase classname="com.automationanywhere.tests.TestAutomationAnywhereTestNG" name="testLogoPresence" time="6.699"/>
  <testcase classname="com.automationanywhere.tests.TestAutomationAnywhereTestNG" name="testRequestDemoButton" time="0.064"/>
  <testcase classname="com.automationanywhere.tests.TestAutomationAnywhereTestNG" name="testHeaderLinks" time="21.396"/>
</testsuite> <!-- com.automationanywhere.tests.TestAutomationAnywhereTestNG -->
